\BOOKMARK [1][-]{section.1}{\376\377\000T\000e\000m\000p\000l\000a\000t\000e}{}% 1
\BOOKMARK [1][-]{section.2}{\376\377\000D\000a\000t\000a\000\040\000s\000t\000r\000u\000c\000t\000u\000r\000e\000s}{}% 2
\BOOKMARK [2][-]{subsection.2.1}{\376\377\000S\000i\000m\000p\000l\000i\000f\000i\000e\000d\000\040\000D\000S\000U\000\040\000\050\000S\000t\000o\000l\000e\000n\000\040\000f\000r\000o\000m\000\040\000G\000G\000D\000e\000m\000\051}{section.2}% 3
\BOOKMARK [2][-]{subsection.2.2}{\376\377\000D\000i\000s\000j\000o\000i\000n\000t\000\040\000S\000e\000t\000\040\000U\000n\000i\000o\000n}{section.2}% 4
\BOOKMARK [2][-]{subsection.2.3}{\376\377\000S\000e\000g\000m\000e\000n\000t\000\040\000t\000r\000e\000e}{section.2}% 5
\BOOKMARK [2][-]{subsection.2.4}{\376\377\000S\000e\000g\000m\000e\000n\000t\000\040\000t\000r\000e\000e\000\040\000L\000a\000z\000y}{section.2}% 6
\BOOKMARK [2][-]{subsection.2.5}{\376\377\000T\000r\000i\000e}{section.2}% 7
\BOOKMARK [1][-]{section.3}{\376\377\000G\000r\000a\000p\000h\000s}{}% 8
\BOOKMARK [2][-]{subsection.3.1}{\376\377\000G\000r\000a\000p\000h\000\040\000T\000r\000a\000n\000s\000v\000e\000r\000s\000a\000l}{section.3}% 9
\BOOKMARK [3][-]{subsubsection.3.1.1}{\376\377\000B\000F\000S}{subsection.3.1}% 10
\BOOKMARK [3][-]{subsubsection.3.1.2}{\376\377\000D\000F\000S}{subsection.3.1}% 11
\BOOKMARK [2][-]{subsection.3.2}{\376\377\000T\000o\000p\000o\000l\000o\000g\000i\000c\000a\000l\000\040\000S\000o\000r\000t}{section.3}% 12
\BOOKMARK [2][-]{subsection.3.3}{\376\377\000A\000P\000S\000P\000:\000\040\000F\000l\000o\000y\000d\000\040\000W\000a\000r\000s\000h\000a\000l\000l}{section.3}% 13
\BOOKMARK [2][-]{subsection.3.4}{\376\377\000S\000S\000S\000P}{section.3}% 14
\BOOKMARK [3][-]{subsubsection.3.4.1}{\376\377\000L\000a\000z\000y\000\040\000D\000i\000j\000k\000s\000t\000r\000a}{subsection.3.4}% 15
\BOOKMARK [3][-]{subsubsection.3.4.2}{\376\377\000B\000e\000l\000l\000m\000a\000n\000-\000F\000o\000r\000d}{subsection.3.4}% 16
\BOOKMARK [2][-]{subsection.3.5}{\376\377\000S\000t\000r\000o\000n\000g\000l\000y\000\040\000C\000o\000n\000n\000e\000c\000t\000e\000d\000\040\000C\000o\000m\000p\000o\000n\000e\000n\000t\000s\000:\000\040\000K\000o\000s\000a\000r\000a\000j\000u}{section.3}% 17
\BOOKMARK [2][-]{subsection.3.6}{\376\377\000A\000r\000t\000i\000c\000u\000l\000a\000t\000i\000o\000n\000\040\000P\000o\000i\000n\000t\000s\000\040\000a\000n\000d\000\040\000B\000r\000i\000d\000g\000e\000s\000:\000\040\000M\000o\000d\000T\000a\000r\000j\000a\000n}{section.3}% 18
\BOOKMARK [1][-]{section.4}{\376\377\000M\000a\000t\000h}{}% 19
\BOOKMARK [2][-]{subsection.4.1}{\376\377\000I\000d\000e\000n\000t\000i\000t\000i\000e\000s}{section.4}% 20
\BOOKMARK [2][-]{subsection.4.2}{\376\377\000B\000i\000n\000a\000r\000y\000\040\000E\000x\000p\000o\000n\000e\000n\000t\000i\000a\000t\000i\000o\000n\000\040\000a\000n\000d\000\040\000m\000o\000d\000A\000r\000i\000t\000h}{section.4}% 21
\BOOKMARK [2][-]{subsection.4.3}{\376\377\000M\000o\000d\000u\000l\000a\000r\000\040\000I\000n\000v\000e\000r\000s\000e\000\040\000\050\000d\000i\000v\000i\000d\000i\000r\000\040\000m\000o\000d\000\051}{section.4}% 22
\BOOKMARK [2][-]{subsection.4.4}{\376\377\000M\000o\000d\000u\000l\000a\000r\000\040\000B\000i\000n\000o\000m\000i\000a\000l\000\040\000C\000o\000e\000f\000i\000c\000i\000e\000n\000t\000\040\000a\000n\000d\000\040\000P\000e\000r\000m\000u\000t\000a\000t\000i\000o\000n\000s}{section.4}% 23
\BOOKMARK [2][-]{subsection.4.5}{\376\377\000N\000o\000n\000-\000M\000o\000d\000\040\000B\000i\000n\000o\000m\000i\000a\000l\000\040\000C\000o\000e\000f\000i\000c\000i\000e\000n\000t\000\040\000a\000n\000d\000\040\000P\000e\000r\000m\000u\000t\000a\000t\000i\000o\000n\000s}{section.4}% 24
\BOOKMARK [2][-]{subsection.4.6}{\376\377\000M\000o\000d\000u\000l\000a\000r\000\040\000C\000a\000t\000a\000l\000a\000n\000\040\000N\000u\000m\000b\000e\000r\000s}{section.4}% 25
\BOOKMARK [2][-]{subsection.4.7}{\376\377\000C\000e\000i\000l\000\040\000F\000r\000a\000c\000c\000i\000o\000n\000a\000r\000i\000o}{section.4}% 26
\BOOKMARK [2][-]{subsection.4.8}{\376\377\000N\000u\000m\000e\000r\000o\000s\000\040\000d\000e\000\040\000F\000i\000b\000o\000n\000a\000c\000c\000i}{section.4}% 27
\BOOKMARK [2][-]{subsection.4.9}{\376\377\000S\000i\000e\000v\000e\000\040\000O\000f\000\040\000E\000r\000a\000t\000o\000s\000t\000h\000e\000n\000e\000s}{section.4}% 28
\BOOKMARK [2][-]{subsection.4.10}{\376\377\000S\000i\000e\000v\000e\000-\000b\000a\000s\000e\000d\000\040\000F\000a\000c\000t\000o\000r\000i\000z\000a\000t\000i\000o\000n}{section.4}% 29
\BOOKMARK [2][-]{subsection.4.11}{\376\377\000C\000y\000c\000l\000e\000\040\000F\000i\000n\000d\000i\000n\000g}{section.4}% 30
\BOOKMARK [2][-]{subsection.4.12}{\376\377\000B\000e\000r\000l\000e\000k\000a\000m\000p\000\040\000M\000a\000s\000s\000e\000y}{section.4}% 31
\BOOKMARK [2][-]{subsection.4.13}{\376\377\000M\000o\000d\000u\000l\000a\000r\000\040\000B\000e\000r\000l\000e\000k\000a\000m\000p\000\040\000M\000a\000s\000s\000e\000y}{section.4}% 32
\BOOKMARK [2][-]{subsection.4.14}{\376\377\000M\000a\000t\000r\000i\000x\000\040\000e\000x\000p\000o\000n\000e\000n\000t\000i\000a\000t\000i\000o\000n}{section.4}% 33
\BOOKMARK [2][-]{subsection.4.15}{\376\377\000E\000c\000u\000a\000c\000i\000o\000n\000e\000s\000\040\000D\000i\000o\000f\000a\000n\000t\000i\000n\000a\000s}{section.4}% 34
\BOOKMARK [2][-]{subsection.4.16}{\376\377\000P\000o\000l\000l\000a\000r\000d\000-\000R\000h\000o\000,\000\040\000S\000t\000o\000l\000e\000n\000\040\000f\000r\000o\000m\000\040\000G\000G\000D\000e\000m}{section.4}% 35
\BOOKMARK [2][-]{subsection.4.17}{\376\377\000F\000F\000T\000,\000\040\000S\000t\000o\000l\000e\000n\000\040\000f\000r\000o\000m\000\040\000G\000G\000D\000e\000m}{section.4}% 36
\BOOKMARK [2][-]{subsection.4.18}{\376\377\000E\000u\000l\000e\000r\000\040\000T\000o\000t\000i\000e\000n\000t\000\040\000F\000u\000n\000c\000t\000i\000o\000n}{section.4}% 37
\BOOKMARK [1][-]{section.5}{\376\377\000G\000e\000o\000m\000e\000t\000r\000y}{}% 38
\BOOKMARK [1][-]{section.6}{\376\377\000S\000t\000r\000i\000n\000g\000s}{}% 39
\BOOKMARK [2][-]{subsection.6.1}{\376\377\000E\000x\000p\000l\000o\000d\000e\000\040\000b\000y\000\040\000t\000o\000k\000e\000n}{section.6}% 40
\BOOKMARK [2][-]{subsection.6.2}{\376\377\000M\000u\000l\000t\000i\000p\000l\000e\000\040\000H\000a\000s\000h\000i\000n\000g\000s\000\040\000D\000S}{section.6}% 41
\BOOKMARK [2][-]{subsection.6.3}{\376\377\000P\000e\000r\000m\000u\000t\000e\000\040\000c\000h\000a\000r\000s\000\040\000o\000f\000\040\000s\000t\000r\000i\000n\000g}{section.6}% 42
\BOOKMARK [2][-]{subsection.6.4}{\376\377\000L\000o\000n\000g\000e\000s\000t\000\040\000c\000o\000m\000m\000o\000n\000\040\000s\000u\000b\000s\000e\000q\000u\000e\000n\000c\000e}{section.6}% 43
\BOOKMARK [2][-]{subsection.6.5}{\376\377\000K\000M\000P}{section.6}% 44
\BOOKMARK [2][-]{subsection.6.6}{\376\377\000S\000u\000f\000f\000i\000x\000\040\000A\000r\000r\000a\000y}{section.6}% 45
\BOOKMARK [2][-]{subsection.6.7}{\376\377\000S\000T\000L\000\040\000S\000u\000f\000f\000i\000x\000\040\000A\000r\000r\000a\000y}{section.6}% 46
\BOOKMARK [1][-]{section.7}{\376\377\000C\000l\000a\000s\000i\000c\000o\000s}{}% 47
\BOOKMARK [2][-]{subsection.7.1}{\376\377\000J\000o\000b\000\040\000s\000c\000h\000e\000d\000u\000l\000i\000n\000g}{section.7}% 48
\BOOKMARK [3][-]{subsubsection.7.1.1}{\376\377\000O\000n\000e\000\040\000m\000a\000c\000h\000i\000n\000e\000,\000\040\000l\000i\000n\000e\000a\000r\000\040\000p\000e\000n\000a\000l\000t\000y}{subsection.7.1}% 49
\BOOKMARK [3][-]{subsubsection.7.1.2}{\376\377\000O\000n\000e\000\040\000m\000a\000c\000h\000i\000n\000e\000,\000\040\000d\000e\000a\000d\000l\000i\000n\000e\000s}{subsection.7.1}% 50
\BOOKMARK [3][-]{subsubsection.7.1.3}{\376\377\000O\000n\000e\000\040\000m\000a\000c\000h\000i\000n\000e\000,\000\040\000p\000r\000o\000f\000i\000t}{subsection.7.1}% 51
\BOOKMARK [3][-]{subsubsection.7.1.4}{\376\377\000T\000w\000o\000\040\000m\000a\000c\000h\000i\000n\000e\000s\000,\000\040\000m\000i\000n\000\040\000t\000i\000m\000e}{subsection.7.1}% 52
\BOOKMARK [1][-]{section.8}{\376\377\000F\000l\000o\000w}{}% 53
\BOOKMARK [2][-]{subsection.8.1}{\376\377\000D\000i\000n\000i\000c\000,\000\040\000t\000h\000x\000\040\000G\000G\000D\000e\000m}{section.8}% 54
\BOOKMARK [1][-]{section.9}{\376\377\000M\000i\000s\000c\000e\000l\000l\000a\000n\000e\000o\000u\000s}{}% 55
\BOOKMARK [2][-]{subsection.9.1}{\376\377\000p\000b\000d\000s}{section.9}% 56
\BOOKMARK [2][-]{subsection.9.2}{\376\377\000B\000i\000t\000\040\000M\000a\000n\000i\000p\000u\000l\000a\000t\000i\000o\000n}{section.9}% 57
\BOOKMARK [1][-]{section.10}{\376\377\000T\000e\000s\000t\000i\000n\000g}{}% 58
\BOOKMARK [2][-]{subsection.10.1}{\376\377\000G\000e\000n\000\040\000a\000n\000d\000\040\000A\000u\000t\000o\000R\000u\000n\000\040\000t\000e\000s\000t\000c\000a\000s\000e\000s}{section.10}% 59
\BOOKMARK [3][-]{subsubsection.10.1.1}{\376\377\000G\000e\000n\000.\000c\000p\000p}{subsection.10.1}% 60
\BOOKMARK [3][-]{subsubsection.10.1.2}{\376\377\000S\000t\000r\000e\000s\000s\000\040\000t\000e\000s\000t\000i\000n\000g}{subsection.10.1}% 61
\BOOKMARK [3][-]{subsubsection.10.1.3}{\376\377\000A\000u\000t\000o\000r\000u\000n}{subsection.10.1}% 62
\BOOKMARK [2][-]{subsection.10.2}{\376\377\000H\000i\000g\000h\000l\000y\000\040\000C\000o\000m\000p\000o\000s\000i\000t\000e\000\040\000N\000u\000m\000b\000e\000r\000s}{section.10}% 63
